<?xml version="1.0" encoding="UTF-8"?>
<checkstyle version="9.3">
<file name="D:\Lab14-Construccion-B\laboratorio-calidad-codigo-b\laboratorio-calidad-codigo\src\main\java\com\tecsup\labs\App.java">
<error line="1" severity="error" message="Falta el archivo package-info.java." source="com.puppycrawl.tools.checkstyle.checks.javadoc.JavadocPackageCheck"/>
<error line="7" severity="error" message="Line has trailing spaces." source="com.puppycrawl.tools.checkstyle.checks.regexp.RegexpSinglelineCheck"/>
<error line="7" column="1" severity="error" message="Clases de servicios públicos no deben tener un constructor público o por defecto." source="com.puppycrawl.tools.checkstyle.checks.design.HideUtilityClassConstructorCheck"/>
<error line="8" column="1" severity="error" message="&apos;{&apos; en la columna 1 debería estar en la línea anterior." source="com.puppycrawl.tools.checkstyle.checks.blocks.LeftCurlyCheck"/>
<error line="9" column="5" severity="error" message="Falta el comentario Javadoc." source="com.puppycrawl.tools.checkstyle.checks.javadoc.MissingJavadocMethodCheck"/>
<error line="9" column="28" severity="error" message="&apos;(&apos; está seguido de espacios en blanco." source="com.puppycrawl.tools.checkstyle.checks.whitespace.ParenPadCheck"/>
<error line="9" column="30" severity="error" message="El parámetro args debería ser final." source="com.puppycrawl.tools.checkstyle.checks.FinalParametersCheck"/>
<error line="9" column="44" severity="error" message="&apos;)&apos; está precedido de espacio en blanco." source="com.puppycrawl.tools.checkstyle.checks.whitespace.ParenPadCheck"/>
<error line="10" column="5" severity="error" message="&apos;{&apos; en la columna 5 debería estar en la línea anterior." source="com.puppycrawl.tools.checkstyle.checks.blocks.LeftCurlyCheck"/>
<error line="11" column="27" severity="error" message="&apos;(&apos; está seguido de espacios en blanco." source="com.puppycrawl.tools.checkstyle.checks.whitespace.ParenPadCheck"/>
<error line="11" column="44" severity="error" message="&apos;)&apos; está precedido de espacio en blanco." source="com.puppycrawl.tools.checkstyle.checks.whitespace.ParenPadCheck"/>
</file>
<file name="D:\Lab14-Construccion-B\laboratorio-calidad-codigo-b\laboratorio-calidad-codigo\src\main\java\com\tecsup\labs\Main.java">
<error line="3" column="1" severity="error" message="Clases de servicios públicos no deben tener un constructor público o por defecto." source="com.puppycrawl.tools.checkstyle.checks.design.HideUtilityClassConstructorCheck"/>
<error line="5" column="5" severity="error" message="Falta el comentario Javadoc." source="com.puppycrawl.tools.checkstyle.checks.javadoc.MissingJavadocMethodCheck"/>
<error line="5" column="29" severity="error" message="El parámetro args debería ser final." source="com.puppycrawl.tools.checkstyle.checks.FinalParametersCheck"/>
<error line="9" severity="error" message="La línea es mayor de 80 caracteres (encontrado 83)." source="com.puppycrawl.tools.checkstyle.checks.sizes.LineLengthCheck"/>
<error line="12" severity="error" message="La línea es mayor de 80 caracteres (encontrado 85)." source="com.puppycrawl.tools.checkstyle.checks.sizes.LineLengthCheck"/>
<error line="15" severity="error" message="La línea es mayor de 80 caracteres (encontrado 90)." source="com.puppycrawl.tools.checkstyle.checks.sizes.LineLengthCheck"/>
</file>
<file name="D:\Lab14-Construccion-B\laboratorio-calidad-codigo-b\laboratorio-calidad-codigo\src\main\java\com\tecsup\labs\UserRegistrationService.java">
<error line="13" column="5" severity="error" message="Falta el comentario Javadoc." source="com.puppycrawl.tools.checkstyle.checks.javadoc.JavadocVariableCheck"/>
<error line="13" column="19" severity="error" message="La variable &apos;lastErrorMessage&apos; debe ser privada y tener métodos de acceso." source="com.puppycrawl.tools.checkstyle.checks.design.VisibilityModifierCheck"/>
<error line="16" column="5" severity="error" message="Falta el comentario Javadoc." source="com.puppycrawl.tools.checkstyle.checks.javadoc.JavadocVariableCheck"/>
<error line="19" column="5" severity="error" message="Falta el comentario Javadoc." source="com.puppycrawl.tools.checkstyle.checks.javadoc.JavadocVariableCheck"/>
<error line="22" column="5" severity="error" message="Falta el comentario Javadoc." source="com.puppycrawl.tools.checkstyle.checks.javadoc.MissingJavadocMethodCheck"/>
<error line="34" severity="error" message="La etiqueta @return debe estar presente y tener una descripción." source="com.puppycrawl.tools.checkstyle.checks.javadoc.JavadocMethodCheck"/>
<error line="34" severity="error" message="La línea es mayor de 80 caracteres (encontrado 81)." source="com.puppycrawl.tools.checkstyle.checks.sizes.LineLengthCheck"/>
<error line="34" column="33" severity="error" message="El parámetro username debería ser final." source="com.puppycrawl.tools.checkstyle.checks.FinalParametersCheck"/>
<error line="34" column="40" severity="error" message="Se esperaba la etiqueta @param para &apos;username&apos;." source="com.puppycrawl.tools.checkstyle.checks.javadoc.JavadocMethodCheck"/>
<error line="34" column="50" severity="error" message="El parámetro password debería ser final." source="com.puppycrawl.tools.checkstyle.checks.FinalParametersCheck"/>
<error line="34" column="57" severity="error" message="Se esperaba la etiqueta @param para &apos;password&apos;." source="com.puppycrawl.tools.checkstyle.checks.javadoc.JavadocMethodCheck"/>
<error line="34" column="67" severity="error" message="El parámetro email debería ser final." source="com.puppycrawl.tools.checkstyle.checks.FinalParametersCheck"/>
<error line="34" column="74" severity="error" message="Se esperaba la etiqueta @param para &apos;email&apos;." source="com.puppycrawl.tools.checkstyle.checks.javadoc.JavadocMethodCheck"/>
<error line="77" severity="error" message="La línea es mayor de 80 caracteres (encontrado 92)." source="com.puppycrawl.tools.checkstyle.checks.sizes.LineLengthCheck"/>
<error line="77" column="27" severity="error" message="El parámetro username debería ser final." source="com.puppycrawl.tools.checkstyle.checks.FinalParametersCheck"/>
<error line="77" column="44" severity="error" message="El parámetro password debería ser final." source="com.puppycrawl.tools.checkstyle.checks.FinalParametersCheck"/>
<error line="77" column="61" severity="error" message="El parámetro email debería ser final." source="com.puppycrawl.tools.checkstyle.checks.FinalParametersCheck"/>
<error line="87" column="5" severity="error" message="Clase &apos;UserRegistrationService&apos; se parece a diseñada para la extensión (puede ser una subclase), pero el método &apos;x&apos; no tiene javadoc que explica cómo hacerlo de forma segura. Si la clase no está diseñado para la extensión de considerar la posibilidad de la clase &apos;UserRegistrationService&apos; final o haciendo el método &apos;x&apos; anotación  static/final/abstract/empty, o la adición permitido para el método." source="com.puppycrawl.tools.checkstyle.checks.design.DesignForExtensionCheck"/>
<error line="87" column="5" severity="error" message="Falta el comentario Javadoc." source="com.puppycrawl.tools.checkstyle.checks.javadoc.MissingJavadocMethodCheck"/>
<error line="87" column="18" severity="error" message="El parámetro s debería ser final." source="com.puppycrawl.tools.checkstyle.checks.FinalParametersCheck"/>
</file>
</checkstyle>
